TN:
SF:src\app\page.js
FN:3,sum
FN:16,TeamMember
FN:28,Page
FNF:3
FNH:2
FNDA:0,sum
FNDA:5,TeamMember
FNDA:1,Page
DA:1,1
DA:2,1
DA:3,1
DA:4,0
DA:5,0
DA:6,1
DA:7,1
DA:8,1
DA:9,1
DA:10,1
DA:11,1
DA:12,1
DA:13,1
DA:14,1
DA:15,1
DA:16,1
DA:17,5
DA:18,5
DA:19,5
DA:20,5
DA:21,5
DA:22,5
DA:23,5
DA:24,5
DA:25,5
DA:26,1
DA:27,1
DA:28,1
DA:29,1
DA:30,1
DA:31,1
DA:32,1
DA:33,1
DA:34,5
DA:35,5
DA:36,5
DA:37,5
DA:38,1
DA:39,1
DA:40,1
DA:41,1
DA:42,1
DA:43,1
DA:44,1
LF:44
LH:42
BRDA:16,0,0,5
BRDA:22,1,0,3
BRDA:22,2,0,2
BRDA:28,3,0,1
BRDA:33,4,0,5
BRF:5
BRH:5
end_of_record
